ARM GAS  C:\Users\dedla\AppData\Local\Temp\ccxPx8W4.s 			page 1


   1              		.cpu cortex-m4
   2              		.arch armv7e-m
   3              		.fpu fpv4-sp-d16
   4              		.eabi_attribute 27, 1
   5              		.eabi_attribute 28, 1
   6              		.eabi_attribute 20, 1
   7              		.eabi_attribute 21, 1
   8              		.eabi_attribute 23, 3
   9              		.eabi_attribute 24, 1
  10              		.eabi_attribute 25, 1
  11              		.eabi_attribute 26, 1
  12              		.eabi_attribute 30, 1
  13              		.eabi_attribute 34, 1
  14              		.eabi_attribute 18, 4
  15              		.file	"init.c"
  16              		.text
  17              	.Ltext0:
  18              		.cfi_sections	.debug_frame
  19              		.file 1 "Core/Src/init.c"
  20              		.section	.text.GPIO_Ini,"ax",%progbits
  21              		.align	1
  22              		.global	GPIO_Ini
  23              		.syntax unified
  24              		.thumb
  25              		.thumb_func
  27              	GPIO_Ini:
  28              	.LFB130:
   1:Core/Src/init.c **** #include "init.h"
   2:Core/Src/init.c **** 
   3:Core/Src/init.c **** void GPIO_Ini(void){
  29              		.loc 1 3 20 view -0
  30              		.cfi_startproc
  31              		@ args = 0, pretend = 0, frame = 0
  32              		@ frame_needed = 0, uses_anonymous_args = 0
  33              		@ link register save eliminated.
   4:Core/Src/init.c ****     SET_BIT(RCC->AHB1ENR, RCC_AHB1ENR_GPIOBEN | RCC_AHB1ENR_GPIOCEN | RCC_AHB1ENR_GPIODEN); 
  34              		.loc 1 4 5 view .LVU1
  35 0000 1C4A     		ldr	r2, .L2
  36 0002 136B     		ldr	r3, [r2, #48]
  37 0004 43F00E03 		orr	r3, r3, #14
  38 0008 1363     		str	r3, [r2, #48]
   5:Core/Src/init.c **** 
   6:Core/Src/init.c ****     SET_BIT(GPIOB->MODER, GPIO_MODER_MODE0_0);
  39              		.loc 1 6 5 view .LVU2
  40 000a 1B4B     		ldr	r3, .L2+4
  41 000c 1A68     		ldr	r2, [r3]
  42 000e 42F00102 		orr	r2, r2, #1
  43 0012 1A60     		str	r2, [r3]
   7:Core/Src/init.c ****     SET_BIT(GPIOB->MODER, GPIO_MODER_MODE7_0);
  44              		.loc 1 7 5 view .LVU3
  45 0014 1A68     		ldr	r2, [r3]
  46 0016 42F48042 		orr	r2, r2, #16384
  47 001a 1A60     		str	r2, [r3]
   8:Core/Src/init.c ****     SET_BIT(GPIOB->MODER, GPIO_MODER_MODE14_0);
  48              		.loc 1 8 5 view .LVU4
  49 001c 1A68     		ldr	r2, [r3]
  50 001e 42F08052 		orr	r2, r2, #268435456
ARM GAS  C:\Users\dedla\AppData\Local\Temp\ccxPx8W4.s 			page 2


  51 0022 1A60     		str	r2, [r3]
   9:Core/Src/init.c ****     SET_BIT(GPIOC->MODER, GPIO_MODER_MODE6);
  52              		.loc 1 9 5 view .LVU5
  53 0024 154A     		ldr	r2, .L2+8
  54 0026 1168     		ldr	r1, [r2]
  55 0028 41F44051 		orr	r1, r1, #12288
  56 002c 1160     		str	r1, [r2]
  10:Core/Src/init.c ****     SET_BIT(GPIOC->MODER, GPIO_MODER_MODE7);
  57              		.loc 1 10 5 view .LVU6
  58 002e 1168     		ldr	r1, [r2]
  59 0030 41F44041 		orr	r1, r1, #49152
  60 0034 1160     		str	r1, [r2]
  11:Core/Src/init.c ****     
  12:Core/Src/init.c **** 
  13:Core/Src/init.c ****     CLEAR_BIT(GPIOB->OTYPER, GPIO_OTYPER_OT_0 | GPIO_OTYPER_OT_7 | GPIO_OTYPER_OT_14 | GPIO_OTYPER_
  61              		.loc 1 13 5 view .LVU7
  62 0036 5968     		ldr	r1, [r3, #4]
  63 0038 21F4C141 		bic	r1, r1, #24704
  64 003c 21F00101 		bic	r1, r1, #1
  65 0040 5960     		str	r1, [r3, #4]
  14:Core/Src/init.c ****     CLEAR_BIT(GPIOC->OTYPER, GPIO_OTYPER_OT_12 | GPIO_OTYPER_OT_6 | GPIO_OTYPER_OT_7); 
  66              		.loc 1 14 5 view .LVU8
  67 0042 5168     		ldr	r1, [r2, #4]
  68 0044 21F48651 		bic	r1, r1, #4288
  69 0048 5160     		str	r1, [r2, #4]
  15:Core/Src/init.c ****     SET_BIT(GPIOB->OSPEEDR, GPIO_OSPEEDER_OSPEEDR0_0 | GPIO_OSPEEDER_OSPEEDR7_0 | GPIO_OSPEEDER_OSP
  70              		.loc 1 15 5 view .LVU9
  71 004a 9868     		ldr	r0, [r3, #8]
  72 004c 0C49     		ldr	r1, .L2+12
  73 004e 0143     		orrs	r1, r1, r0
  74 0050 9960     		str	r1, [r3, #8]
  16:Core/Src/init.c ****     SET_BIT(GPIOC->OSPEEDR, GPIO_OSPEEDER_OSPEEDR12_0 | GPIO_OSPEEDER_OSPEEDR6_0 | GPIO_OSPEEDER_OS
  75              		.loc 1 16 5 view .LVU10
  76 0052 9168     		ldr	r1, [r2, #8]
  77 0054 41F08071 		orr	r1, r1, #16777216
  78 0058 41F4A041 		orr	r1, r1, #20480
  79 005c 9160     		str	r1, [r2, #8]
  17:Core/Src/init.c ****     CLEAR_BIT(GPIOB->PUPDR, GPIO_PUPDR_PUPDR0_0 | GPIO_PUPDR_PUPDR7_0 | GPIO_PUPDR_PUPDR14_0);
  80              		.loc 1 17 5 view .LVU11
  81 005e D868     		ldr	r0, [r3, #12]
  82 0060 0849     		ldr	r1, .L2+16
  83 0062 0140     		ands	r1, r1, r0
  84 0064 D960     		str	r1, [r3, #12]
  18:Core/Src/init.c ****     CLEAR_BIT(GPIOC->PUPDR, GPIO_PUPDR_PUPDR12_0 | GPIO_PUPDR_PUPDR6_0 | GPIO_PUPDR_PUPDR7_0);
  85              		.loc 1 18 5 view .LVU12
  86 0066 D368     		ldr	r3, [r2, #12]
  87 0068 23F08073 		bic	r3, r3, #16777216
  88 006c 23F4A043 		bic	r3, r3, #20480
  89 0070 D360     		str	r3, [r2, #12]
  19:Core/Src/init.c **** }...
  90              		.loc 1 19 1 is_stmt 0 view .LVU13
  91 0072 7047     		bx	lr
  92              	.L3:
  93              		.align	2
  94              	.L2:
  95 0074 00380240 		.word	1073887232
  96 0078 00040240 		.word	1073873920
ARM GAS  C:\Users\dedla\AppData\Local\Temp\ccxPx8W4.s 			page 3


  97 007c 00080240 		.word	1073874944
  98 0080 01400010 		.word	268451841
  99 0084 FEBFFFEF 		.word	-268451842
 100              		.cfi_endproc
 101              	.LFE130:
 103              		.text
 104              	.Letext0:
 105              		.file 2 "D:/Microcontroller/xpack-arm-none-eabi-gcc-13.2.1-1.1/arm-none-eabi/include/machine/_defa
 106              		.file 3 "D:/Microcontroller/xpack-arm-none-eabi-gcc-13.2.1-1.1/arm-none-eabi/include/sys/_stdint.h
 107              		.file 4 "C:/Users/dedla/Documents/Labstm/Laboratory_Practice/CMSIS/Devices/Inc/stm32f429xx.h"
ARM GAS  C:\Users\dedla\AppData\Local\Temp\ccxPx8W4.s 			page 4


DEFINED SYMBOLS
                            *ABS*:00000000 init.c
C:\Users\dedla\AppData\Local\Temp\ccxPx8W4.s:21     .text.GPIO_Ini:00000000 $t
C:\Users\dedla\AppData\Local\Temp\ccxPx8W4.s:27     .text.GPIO_Ini:00000000 GPIO_Ini
C:\Users\dedla\AppData\Local\Temp\ccxPx8W4.s:95     .text.GPIO_Ini:00000074 $d

NO UNDEFINED SYMBOLS
